<?xml version="1.0" encoding="UTF-8"?>
<!-- Generated by org.testng.reporters.JUnitReportReporter -->
<testsuite hostname="LAPTOP-65ID085J" failures="0" tests="1" name="academy.practicepage" time="44.820" errors="0" timestamp="2020-08-11T11:28:07 IST" skipped="0">
  <testcase classname="academy.practicepage" name="pract" time="44.820"/>
  <system-out/>
</testsuite> <!-- academy.practicepage -->
