<?xml version="1.0" encoding="UTF-8"?>
<!-- Generated by org.testng.reporters.JUnitReportReporter -->
<testsuite hostname="LAPTOP-65ID085J" failures="0" tests="1" name="academy.homepage" time="12.942" errors="0" timestamp="2020-08-10T12:44:18 IST" skipped="0">
  <testcase classname="academy.homepage" name="home" time="12.942"/>
  <system-out/>
</testsuite> <!-- academy.homepage -->
