<?xml version="1.0" encoding="UTF-8"?>
<!-- Generated by org.testng.reporters.JUnitReportReporter -->
<testsuite hostname="LAPTOP-65ID085J" failures="0" tests="2" name="academy.loginpage" time="48.367" errors="0" timestamp="2020-08-13T15:16:34 IST" skipped="0">
  <testcase classname="academy.loginpage" name="log" time="25.113"/>
  <system-out/>
  <testcase classname="academy.loginpage" name="log" time="23.254"/>
  <system-out/>
</testsuite> <!-- academy.loginpage -->
